<?xml version="1.0" encoding="UTF-8"?>
<testsuite xmlns:xsi="http://www.w3.org/2001/XMLSchema-instance" xsi:noNamespaceSchemaLocation="https://maven.apache.org/surefire/maven-surefire-plugin/xsd/surefire-test-report-3.0.xsd" version="3.0" name="org.example.ProductSearchTest" time="0.098" tests="2" errors="0" skipped="0" failures="0">
  <properties>
[...]
</properties>
  <testcase name="testSearchBySKU" classname="org.example.ProductSearchTest" time="0.057"/>
  <testcase name="testInsert" classname="org.example.ProductSearchTest" time="0.001"/>
</testsuite>